<?xml version="1.0" encoding="UTF-8"?>
<!-- Generated by org.testng.reporters.JUnitReportReporter -->
<testsuite hostname="LAPTOP-O2HJQ38M" failures="0" tests="2" name="pac2.createOrgTest" time="0.001" errors="0" timestamp="2024-10-08T10:47:44 IST" skipped="0">
  <testcase classname="pac2.createOrgTest" name="modifyOrgTest" time="0.001"/>
  <system-out/>
  <testcase classname="pac2.createOrgTest" name="createOrgTest1" time="0.000"/>
  <system-out/>
</testsuite> <!-- pac2.createOrgTest -->
